Arguments: 
  /usr/local/bin/node /opt/yarn-v1.22.4/bin/yarn.js --non-interactive

PATH: 
  /usr/local/sbin:/usr/local/bin:/usr/sbin:/usr/bin:/sbin:/bin

Yarn version: 
  1.22.4

Node version: 
  10.21.0

Platform: 
  linux x64

Trace: 
  SyntaxError: /sandbox/package.json: Unexpected token { in JSON at position 1
      at JSON.parse (<anonymous>)
      at /opt/yarn-v1.22.4/lib/cli.js:1625:59
      at Generator.next (<anonymous>)
      at step (/opt/yarn-v1.22.4/lib/cli.js:310:30)
      at /opt/yarn-v1.22.4/lib/cli.js:321:13

npm manifest: 
  {{}
    "name": "smart menu",
    "version": "1.0.0",
    "description": "",
    "main": "index.js",
    "scripts": {
      "start": "nodemon index.js"
    },
    "keywords": [],
    "author": "",
    "license": "ISC",
    "dependencies": {
      "body-parser": "^1.19.0",
      "express": "^4.17.1",
      "mysql": "^2.18.1"
    },
    "devDependencies": {
      "nodemon": "^2.0.5"
    }
  }

yarn manifest: 
  No manifest

Lockfile: 
  No lockfile
